2024-03-22 09:11:47,799 INFO o.a.j.u.JMeterUtils: Setting Locale to zh_CN
2024-03-22 09:11:47,846 INFO o.a.j.JMeter: Loading user properties from: /Volumes/Disk/apache-jmeter-5.1.1/bin/user.properties
2024-03-22 09:11:47,847 INFO o.a.j.JMeter: Loading system properties from: /Volumes/Disk/apache-jmeter-5.1.1/bin/system.properties
2024-03-22 09:11:47,856 INFO o.a.j.JMeter: Copyright (c) 1998-2019 The Apache Software Foundation
2024-03-22 09:11:47,856 INFO o.a.j.JMeter: Version 5.1.1 r1855137
2024-03-22 09:11:47,856 INFO o.a.j.JMeter: java.version=11
2024-03-22 09:11:47,856 INFO o.a.j.JMeter: java.vm.name=Java HotSpot(TM) 64-Bit Server VM
2024-03-22 09:11:47,856 INFO o.a.j.JMeter: os.name=Mac OS X
2024-03-22 09:11:47,856 INFO o.a.j.JMeter: os.arch=x86_64
2024-03-22 09:11:47,856 INFO o.a.j.JMeter: os.version=10.16
2024-03-22 09:11:47,856 INFO o.a.j.JMeter: file.encoding=UTF-8
2024-03-22 09:11:47,856 INFO o.a.j.JMeter: java.awt.headless=true
2024-03-22 09:11:47,857 INFO o.a.j.JMeter: Max memory     =1073741824
2024-03-22 09:11:47,857 INFO o.a.j.JMeter: Available Processors =8
2024-03-22 09:11:47,865 INFO o.a.j.JMeter: Default Locale=English (EN)
2024-03-22 09:11:47,865 INFO o.a.j.JMeter: JMeter  Locale=Chinese (China)
2024-03-22 09:11:47,865 INFO o.a.j.JMeter: JMeterHome=/Volumes/Disk/apache-jmeter-5.1.1
2024-03-22 09:11:47,865 INFO o.a.j.JMeter: user.dir  =/Volumes/Disk/PG4/NdhkApiGatewayTestScripts/TestScripts
2024-03-22 09:11:47,865 INFO o.a.j.JMeter: PWD       =/Users/macbook_air/Desktop/MyProject/Jmeter
2024-03-22 09:11:47,876 INFO o.a.j.JMeter: IP: 192.168.110.192 Name: 小平のMacBook FullName: xiaopingnodeair.lan
2024-03-22 09:11:47,880 INFO o.a.j.JMeter: Setting property 'jmeter.reportgenerator.outputdir' to:'/Volumes/Disk/apache-jmeter-5.1.1/jmeter/report/2024-03-22~09-11-46'
2024-03-22 09:11:47,887 INFO o.a.j.s.FileServer: Default base='/Volumes/Disk/PG4/NdhkApiGatewayTestScripts/TestScripts'
2024-03-22 09:11:47,892 INFO o.a.j.s.FileServer: Set new base='/Volumes/Disk/apache-jmeter-5.1.1/jmeter/jmx'
2024-03-22 09:11:48,120 INFO o.a.j.s.SaveService: Testplan (JMX) version: 2.2. Testlog (JTL) version: 2.2
2024-03-22 09:11:48,145 INFO o.a.j.s.SaveService: Using SaveService properties version 5.0
2024-03-22 09:11:48,150 INFO o.a.j.s.SaveService: Using SaveService properties file encoding UTF-8
2024-03-22 09:11:48,152 INFO o.a.j.s.SaveService: Loading file: /Volumes/Disk/apache-jmeter-5.1.1/jmeter/jmx/jsfk.jmx
2024-03-22 09:11:48,196 INFO o.a.j.p.h.s.HTTPSamplerBase: Parser for text/html is org.apache.jmeter.protocol.http.parser.LagartoBasedHtmlParser
2024-03-22 09:11:48,196 INFO o.a.j.p.h.s.HTTPSamplerBase: Parser for application/xhtml+xml is org.apache.jmeter.protocol.http.parser.LagartoBasedHtmlParser
2024-03-22 09:11:48,197 INFO o.a.j.p.h.s.HTTPSamplerBase: Parser for application/xml is org.apache.jmeter.protocol.http.parser.LagartoBasedHtmlParser
2024-03-22 09:11:48,197 INFO o.a.j.p.h.s.HTTPSamplerBase: Parser for text/xml is org.apache.jmeter.protocol.http.parser.LagartoBasedHtmlParser
2024-03-22 09:11:48,197 INFO o.a.j.p.h.s.HTTPSamplerBase: Parser for text/vnd.wap.wml is org.apache.jmeter.protocol.http.parser.RegexpHTMLParser
2024-03-22 09:11:48,197 INFO o.a.j.p.h.s.HTTPSamplerBase: Parser for text/css is org.apache.jmeter.protocol.http.parser.CssParser
2024-03-22 09:11:48,222 INFO o.a.j.JMeter: Creating summariser <summary>
2024-03-22 09:11:48,225 INFO o.a.j.r.d.ReportGenerator: ReportGenerator will use for Parsing the separator: ','
2024-03-22 09:11:48,226 INFO o.a.j.r.d.ReportGenerator: Will generate report at end of test from  results file: /Volumes/Disk/apache-jmeter-5.1.1/jmeter/jtl/2024-03-22~09-11-46.jtl
2024-03-22 09:11:48,226 INFO o.a.j.r.d.ReportGenerator: Reading report generator properties from: /Volumes/Disk/apache-jmeter-5.1.1/bin/reportgenerator.properties
2024-03-22 09:11:48,227 INFO o.a.j.r.d.ReportGenerator: Merging with JMeter properties
2024-03-22 09:11:48,231 INFO o.a.j.r.c.ReportGeneratorConfiguration: Property 'jmeter.reportgenerator.temp_dir' not found, using default value 'temp' instead.
2024-03-22 09:11:48,232 INFO o.a.j.r.c.ReportGeneratorConfiguration: Property 'jmeter.reportgenerator.apdex_per_transaction' not found, using default value 'null' instead.
2024-03-22 09:11:48,233 INFO o.a.j.r.c.ReportGeneratorConfiguration: apdex_per_transaction : {} is empty, not APDEX per transaction customization
2024-03-22 09:11:48,233 INFO o.a.j.r.c.ReportGeneratorConfiguration: Property 'jmeter.reportgenerator.sample_filter' not found, using default value 'null' instead.
2024-03-22 09:11:48,233 INFO o.a.j.r.c.ReportGeneratorConfiguration: Property 'jmeter.reportgenerator.report_title' not found, using default value 'null' instead.
2024-03-22 09:11:48,233 INFO o.a.j.r.c.ReportGeneratorConfiguration: Property 'jmeter.reportgenerator.start_date' not found, using default value 'null' instead.
2024-03-22 09:11:48,233 INFO o.a.j.r.c.ReportGeneratorConfiguration: Property 'jmeter.reportgenerator.end_date' not found, using default value 'null' instead.
2024-03-22 09:11:48,233 INFO o.a.j.r.c.ReportGeneratorConfiguration: Property 'jmeter.reportgenerator.date_format' not found, using default value 'null' instead.
2024-03-22 09:11:48,241 INFO o.a.j.r.c.ReportGeneratorConfiguration: Will use date range start date: null, end date: null
2024-03-22 09:11:48,249 INFO o.a.j.r.c.ReportGeneratorConfiguration: Property 'jmeter.reportgenerator.graph.totalTPS.exclude_controllers' not found, using default value 'false' instead.
2024-03-22 09:11:48,249 INFO o.a.j.r.c.ReportGeneratorConfiguration: Property 'jmeter.reportgenerator.graph.activeThreadsOverTime.exclude_controllers' not found, using default value 'false' instead.
2024-03-22 09:11:48,250 INFO o.a.j.r.c.ReportGeneratorConfiguration: Property 'jmeter.reportgenerator.graph.timeVsThreads.exclude_controllers' not found, using default value 'false' instead.
2024-03-22 09:11:48,250 INFO o.a.j.r.c.ReportGeneratorConfiguration: Property 'jmeter.reportgenerator.graph.responseTimeDistribution.exclude_controllers' not found, using default value 'false' instead.
2024-03-22 09:11:48,250 INFO o.a.j.r.c.ReportGeneratorConfiguration: Property 'jmeter.reportgenerator.graph.transactionsPerSecond.exclude_controllers' not found, using default value 'false' instead.
2024-03-22 09:11:48,251 INFO o.a.j.r.c.ReportGeneratorConfiguration: Property 'jmeter.reportgenerator.graph.responseTimePercentiles.exclude_controllers' not found, using default value 'false' instead.
2024-03-22 09:11:48,251 INFO o.a.j.r.c.ReportGeneratorConfiguration: Property 'jmeter.reportgenerator.graph.responseTimePercentilesOverTime.exclude_controllers' not found, using default value 'false' instead.
2024-03-22 09:11:48,252 INFO o.a.j.r.c.ReportGeneratorConfiguration: Property 'jmeter.reportgenerator.graph.responseTimesOverTime.exclude_controllers' not found, using default value 'false' instead.
2024-03-22 09:11:48,252 INFO o.a.j.r.c.ReportGeneratorConfiguration: Property 'jmeter.reportgenerator.graph.connectTimeOverTime.exclude_controllers' not found, using default value 'false' instead.
2024-03-22 09:11:48,252 INFO o.a.j.r.c.ReportGeneratorConfiguration: Property 'jmeter.reportgenerator.graph.latenciesOverTime.exclude_controllers' not found, using default value 'false' instead.
2024-03-22 09:11:48,253 INFO o.a.j.r.c.ReportGeneratorConfiguration: Property 'jmeter.reportgenerator.exporter.json.filters_only_sample_series' not found, using default value 'true' instead.
2024-03-22 09:11:48,253 INFO o.a.j.r.c.ReportGeneratorConfiguration: Property 'jmeter.reportgenerator.exporter.json.series_filter' not found, using default value '' instead.
2024-03-22 09:11:48,253 INFO o.a.j.r.c.ReportGeneratorConfiguration: Property 'jmeter.reportgenerator.exporter.json.show_controllers_only' not found, using default value 'false' instead.
2024-03-22 09:11:48,254 INFO o.a.j.r.c.ReportGeneratorConfiguration: Property 'jmeter.reportgenerator.exporter.html.filters_only_sample_series' not found, using default value 'true' instead.
2024-03-22 09:11:48,254 INFO o.a.j.r.c.ReportGeneratorConfiguration: Property 'jmeter.reportgenerator.exporter.html.series_filter' not found, using default value '' instead.
2024-03-22 09:11:48,254 INFO o.a.j.r.c.ReportGeneratorConfiguration: Property 'jmeter.reportgenerator.exporter.html.show_controllers_only' not found, using default value 'false' instead.
2024-03-22 09:11:48,260 INFO o.a.j.e.StandardJMeterEngine: Running the test!
2024-03-22 09:11:48,274 INFO o.a.j.s.SampleEvent: List of sample_variables: []
2024-03-22 09:11:48,275 INFO o.a.j.s.SampleEvent: List of sample_variables: []
2024-03-22 09:11:48,293 INFO o.a.j.e.u.CompoundVariable: Note: Function class names must contain the string: '.functions.'
2024-03-22 09:11:48,293 INFO o.a.j.e.u.CompoundVariable: Note: Function class names must not contain the string: '.gui.'
2024-03-22 09:11:48,842 INFO o.a.j.JMeter: 正在运行的测试 (1711069908842)
2024-03-22 09:11:48,869 INFO o.a.j.e.StandardJMeterEngine: Starting ThreadGroup: 1 : 线程组
2024-03-22 09:11:48,871 INFO o.a.j.e.StandardJMeterEngine: Starting 2 threads for group 线程组.
2024-03-22 09:11:48,871 INFO o.a.j.e.StandardJMeterEngine: Thread will continue on error
2024-03-22 09:11:48,872 INFO o.a.j.t.ThreadGroup: Starting thread group... number=1 threads=2 ramp-up=10 delayedStart=false
2024-03-22 09:11:48,893 INFO o.a.j.t.ThreadGroup: Started thread group number 1
2024-03-22 09:11:48,895 INFO o.a.j.e.StandardJMeterEngine: All thread groups have been started
2024-03-22 09:11:48,912 INFO o.a.j.t.JMeterThread: Thread started: 线程组 1-1
2024-03-22 09:11:48,965 INFO o.a.j.p.h.s.HTTPHCAbstractImpl: Local host = 小平のMacBook
2024-03-22 09:11:48,972 INFO o.a.j.p.h.s.HTTPHC4Impl: HTTP request retry count = 0
2024-03-22 09:11:48,974 INFO o.a.j.s.SampleResult: Note: Sample TimeStamps are START times
2024-03-22 09:11:48,974 INFO o.a.j.s.SampleResult: sampleresult.default.encoding is set to utf-8
2024-03-22 09:11:48,974 INFO o.a.j.s.SampleResult: sampleresult.useNanoTime=true
2024-03-22 09:11:48,974 INFO o.a.j.s.SampleResult: sampleresult.nanoThreadSleep=5000
2024-03-22 09:11:49,065 INFO o.a.j.p.h.s.h.LazyLayeredConnectionSocketFactory: Setting up HTTPS TrustAll Socket Factory
2024-03-22 09:11:49,069 INFO o.a.j.u.JsseSSLManager: Using default SSL protocol: TLS
2024-03-22 09:11:49,070 INFO o.a.j.u.JsseSSLManager: SSL session context: per-thread
2024-03-22 09:11:49,193 INFO o.a.j.u.SSLManager: JmeterKeyStore Location:  type JKS
2024-03-22 09:11:49,199 INFO o.a.j.u.SSLManager: KeyStore created OK
2024-03-22 09:11:49,200 WARN o.a.j.u.SSLManager: Keystore file not found, loading empty keystore
2024-03-22 09:11:49,610 INFO o.a.j.t.JMeterThread: Thread is done: 线程组 1-1
2024-03-22 09:11:49,610 INFO o.a.j.t.JMeterThread: Thread finished: 线程组 1-1
2024-03-22 09:11:53,898 INFO o.a.j.t.JMeterThread: Thread started: 线程组 1-2
2024-03-22 09:11:54,184 INFO o.a.j.t.JMeterThread: Thread is done: 线程组 1-2
2024-03-22 09:11:54,184 INFO o.a.j.t.JMeterThread: Thread finished: 线程组 1-2
2024-03-22 09:11:54,185 INFO o.a.j.e.StandardJMeterEngine: Notifying test listeners of end of test
2024-03-22 09:11:54,188 INFO o.a.j.r.Summariser: summary =      2 in 00:00:05 =    0.4/s Avg:   412 Min:   265 Max:   559 Err:     0 (0.00%)
2024-03-22 09:11:54,188 INFO o.a.j.JMeter: Generating Dashboard
2024-03-22 09:11:54,188 INFO o.a.j.r.d.ReportGenerator: Flushing result collector before report Generation
2024-03-22 09:11:54,214 INFO o.a.j.r.p.NormalizerSampleConsumer: Using format, 'ms', to parse timeStamp field
2024-03-22 09:11:54,269 INFO o.a.j.r.p.AbstractSampleConsumer: class org.apache.jmeter.report.processor.AggregateConsumer#stopProducing(): beginDate produced 0 samples
2024-03-22 09:11:54,269 INFO o.a.j.r.p.AbstractSampleConsumer: class org.apache.jmeter.report.processor.AggregateConsumer#stopProducing(): endDate produced 0 samples
2024-03-22 09:11:54,272 INFO o.a.j.r.p.AbstractSampleConsumer: class org.apache.jmeter.report.processor.ApdexSummaryConsumer#stopProducing(): apdexSummary produced 0 samples
2024-03-22 09:11:54,273 INFO o.a.j.r.p.AbstractSampleConsumer: class org.apache.jmeter.report.processor.RequestsSummaryConsumer#stopProducing(): requestsSummary produced 0 samples
2024-03-22 09:11:54,283 INFO o.a.j.r.p.AbstractSampleConsumer: class org.apache.jmeter.report.processor.StatisticsSummaryConsumer#stopProducing(): statisticsSummary produced 0 samples
2024-03-22 09:11:54,289 INFO o.a.j.r.p.AbstractSampleConsumer: class org.apache.jmeter.report.processor.Top5ErrorsBySamplerConsumer#stopProducing(): top5ErrorsBySampler produced 0 samples
2024-03-22 09:11:54,289 INFO o.a.j.r.p.AbstractSampleConsumer: class org.apache.jmeter.report.processor.ErrorsSummaryConsumer#stopProducing(): errorsSummary produced 0 samples
2024-03-22 09:11:54,289 INFO o.a.j.r.p.AbstractSampleConsumer: class org.apache.jmeter.report.processor.graph.impl.HitsPerSecondGraphConsumer#stopProducing(): hitsPerSecond produced 0 samples
2024-03-22 09:11:54,294 INFO o.a.j.r.p.AbstractSampleConsumer: class org.apache.jmeter.report.processor.graph.impl.LatencyVSRequestGraphConsumer#stopProducing(): latencyVsRequest produced 0 samples
2024-03-22 09:11:54,294 INFO o.a.j.r.p.AbstractSampleConsumer: class org.apache.jmeter.report.processor.graph.impl.SyntheticResponseTimeDistributionGraphConsumer#stopProducing(): syntheticResponseTimeDistribution produced 0 samples
2024-03-22 09:11:54,295 INFO o.a.j.r.p.AbstractSampleConsumer: class org.apache.jmeter.report.processor.graph.impl.BytesThroughputGraphConsumer#stopProducing(): bytesThroughputOverTime produced 0 samples
2024-03-22 09:11:54,295 INFO o.a.j.r.p.AbstractSampleConsumer: class org.apache.jmeter.report.processor.graph.impl.CodesPerSecondGraphConsumer#stopProducing(): codesPerSecond produced 0 samples
2024-03-22 09:11:54,298 INFO o.a.j.r.p.AbstractSampleConsumer: class org.apache.jmeter.report.processor.graph.impl.ResponseTimeVSRequestGraphConsumer#stopProducing(): responseTimeVsRequest produced 0 samples
2024-03-22 09:11:54,298 INFO o.a.j.r.p.AbstractSampleConsumer: class org.apache.jmeter.report.processor.FilterConsumer#stopProducing(): startIntervalControlerFilter produced 14 samples
2024-03-22 09:11:54,298 INFO o.a.j.r.p.AbstractSampleConsumer: class org.apache.jmeter.report.processor.graph.impl.TotalTPSGraphConsumer#stopProducing(): totalTPS produced 0 samples
2024-03-22 09:11:54,298 INFO o.a.j.r.p.AbstractSampleConsumer: class org.apache.jmeter.report.processor.graph.impl.ActiveThreadsGraphConsumer#stopProducing(): activeThreadsOverTime produced 0 samples
2024-03-22 09:11:54,298 INFO o.a.j.r.p.AbstractSampleConsumer: class org.apache.jmeter.report.processor.graph.impl.TimeVSThreadGraphConsumer#stopProducing(): timeVsThreads produced 0 samples
2024-03-22 09:11:54,299 INFO o.a.j.r.p.AbstractSampleConsumer: class org.apache.jmeter.report.processor.graph.impl.ResponseTimeDistributionGraphConsumer#stopProducing(): responseTimeDistribution produced 0 samples
2024-03-22 09:11:54,299 INFO o.a.j.r.p.AbstractSampleConsumer: class org.apache.jmeter.report.processor.graph.impl.TransactionsPerSecondGraphConsumer#stopProducing(): transactionsPerSecond produced 0 samples
2024-03-22 09:11:54,300 INFO o.a.j.r.p.AbstractSampleConsumer: class org.apache.jmeter.report.processor.graph.impl.ResponseTimePercentilesGraphConsumer#stopProducing(): responseTimePercentiles produced 0 samples
2024-03-22 09:11:54,301 INFO o.a.j.r.p.AbstractSampleConsumer: class org.apache.jmeter.report.processor.graph.impl.ResponseTimePercentilesOverTimeGraphConsumer#stopProducing(): responseTimePercentilesOverTime produced 0 samples
2024-03-22 09:11:54,301 INFO o.a.j.r.p.AbstractSampleConsumer: class org.apache.jmeter.report.processor.graph.impl.ResponseTimeOverTimeGraphConsumer#stopProducing(): responseTimesOverTime produced 0 samples
2024-03-22 09:11:54,301 INFO o.a.j.r.p.AbstractSampleConsumer: class org.apache.jmeter.report.processor.graph.impl.ConnectTimeOverTimeGraphConsumer#stopProducing(): connectTimeOverTime produced 0 samples
2024-03-22 09:11:54,301 INFO o.a.j.r.p.AbstractSampleConsumer: class org.apache.jmeter.report.processor.graph.impl.LatencyOverTimeGraphConsumer#stopProducing(): latenciesOverTime produced 0 samples
2024-03-22 09:11:54,301 INFO o.a.j.r.p.AbstractSampleConsumer: class org.apache.jmeter.report.processor.FilterConsumer#stopProducing(): nameFilter produced 30 samples
2024-03-22 09:11:54,301 INFO o.a.j.r.p.AbstractSampleConsumer: class org.apache.jmeter.report.processor.FilterConsumer#stopProducing(): dateRangeFilter produced 6 samples
2024-03-22 09:11:54,301 INFO o.a.j.r.p.AbstractSampleConsumer: class org.apache.jmeter.report.processor.NormalizerSampleConsumer#stopProducing(): normalizer produced 2 samples
2024-03-22 09:11:54,302 INFO o.a.j.r.p.CsvFileSampleSource: produce(): 2 samples produced in 61ms on channel 0
2024-03-22 09:11:54,302 INFO o.a.j.r.d.ReportGenerator: Exporting data using exporter:'json' of className:'org.apache.jmeter.report.dashboard.JsonExporter'
2024-03-22 09:11:54,306 INFO o.a.j.r.d.JsonExporter: Found data for consumer statisticsSummary in context
2024-03-22 09:11:54,307 INFO o.a.j.r.d.JsonExporter: Creating statistics for overall
2024-03-22 09:11:54,307 INFO o.a.j.r.d.JsonExporter: Creating statistics for other transactions
2024-03-22 09:11:54,307 INFO o.a.j.r.d.JsonExporter: Checking output folder
2024-03-22 09:11:54,308 INFO o.a.j.r.d.JsonExporter: Writing statistics JSON to /Volumes/Disk/apache-jmeter-5.1.1/jmeter/report/2024-03-22~09-11-46/statistics.json
2024-03-22 09:11:54,506 INFO o.a.j.r.d.ReportGenerator: Exporting data using exporter:'html' of className:'org.apache.jmeter.report.dashboard.HtmlTemplateExporter'
2024-03-22 09:11:54,509 INFO o.a.j.r.d.HtmlTemplateExporter: Will generate dashboard in folder: /Volumes/Disk/apache-jmeter-5.1.1/jmeter/report/2024-03-22~09-11-46
2024-03-22 09:11:54,596 INFO o.a.j.r.d.HtmlTemplateExporter: Report will be generated in: /Volumes/Disk/apache-jmeter-5.1.1/jmeter/report/2024-03-22~09-11-46, creating folder structure
2024-03-22 09:11:54,598 INFO o.a.j.r.d.TemplateVisitor: Copying folder from '/Volumes/Disk/apache-jmeter-5.1.1/bin/report-template' to '/Volumes/Disk/apache-jmeter-5.1.1/jmeter/report/2024-03-22~09-11-46', got message:[/Volumes/Disk/apache-jmeter-5.1.1/jmeter/report/2024-03-22~09-11-46/statistics.json, /Volumes/Disk/apache-jmeter-5.1.1/jmeter/report/2024-03-22~09-11-46/report.html], found non empty folder with following content {}, will be ignored
2024-03-22 09:11:54,872 INFO o.a.j.JMeter: Dashboard generated
2024-03-22 09:11:54,872 WARN o.a.j.e.StandardJMeterEngine: Error encountered during shutdown of org.apache.jmeter.JMeter$ListenToTest@450794b4
java.lang.NullPointerException: null
	at org.apache.jmeter.JMeter$ListenToTest.testEnded(JMeter.java:1538) ~[ApacheJMeter_core.jar:5.1.1 r1855137]
	at org.apache.jmeter.engine.StandardJMeterEngine.notifyTestListenersOfEnd(StandardJMeterEngine.java:218) [ApacheJMeter_core.jar:5.1.1 r1855137]
	at org.apache.jmeter.engine.StandardJMeterEngine.run(StandardJMeterEngine.java:492) [ApacheJMeter_core.jar:5.1.1 r1855137]
	at java.lang.Thread.run(Thread.java:834) [?:?]
