2023-12-18 17:23:54,399 INFO o.a.j.u.JMeterUtils: Setting Locale to zh_CN
2023-12-18 17:23:54,445 INFO o.a.j.JMeter: Loading user properties from: /Volumes/Disk/apache-jmeter-5.1.1/bin/user.properties
2023-12-18 17:23:54,446 INFO o.a.j.JMeter: Loading system properties from: /Volumes/Disk/apache-jmeter-5.1.1/bin/system.properties
2023-12-18 17:23:54,455 INFO o.a.j.JMeter: Copyright (c) 1998-2019 The Apache Software Foundation
2023-12-18 17:23:54,456 INFO o.a.j.JMeter: Version 5.1.1 r1855137
2023-12-18 17:23:54,456 INFO o.a.j.JMeter: java.version=11
2023-12-18 17:23:54,456 INFO o.a.j.JMeter: java.vm.name=Java HotSpot(TM) 64-Bit Server VM
2023-12-18 17:23:54,457 INFO o.a.j.JMeter: os.name=Mac OS X
2023-12-18 17:23:54,457 INFO o.a.j.JMeter: os.arch=x86_64
2023-12-18 17:23:54,457 INFO o.a.j.JMeter: os.version=10.16
2023-12-18 17:23:54,457 INFO o.a.j.JMeter: file.encoding=UTF-8
2023-12-18 17:23:54,457 INFO o.a.j.JMeter: java.awt.headless=true
2023-12-18 17:23:54,457 INFO o.a.j.JMeter: Max memory     =1073741824
2023-12-18 17:23:54,457 INFO o.a.j.JMeter: Available Processors =8
2023-12-18 17:23:54,466 INFO o.a.j.JMeter: Default Locale=English (EN)
2023-12-18 17:23:54,466 INFO o.a.j.JMeter: JMeter  Locale=Chinese (China)
2023-12-18 17:23:54,466 INFO o.a.j.JMeter: JMeterHome=/Volumes/Disk/apache-jmeter-5.1.1
2023-12-18 17:23:54,466 INFO o.a.j.JMeter: user.dir  =/Volumes/Disk/PG4/NdhkApiGatewayTestScripts/TestScripts
2023-12-18 17:23:54,467 INFO o.a.j.JMeter: PWD       =/Volumes/Disk/MyProject/Common_File
2023-12-18 17:23:54,470 INFO o.a.j.JMeter: IP: 192.168.110.191 Name: xiaopingnodeAir.lan FullName: xiaopingnodeair.lan
2023-12-18 17:23:54,474 INFO o.a.j.JMeter: Setting property 'jmeter.reportgenerator.outputdir' to:'/Volumes/Disk/apache-jmeter-5.1.1/jmeter/report/2023-12-18~17-23-52'
2023-12-18 17:23:54,477 INFO o.a.j.s.FileServer: Default base='/Volumes/Disk/PG4/NdhkApiGatewayTestScripts/TestScripts'
2023-12-18 17:23:54,480 INFO o.a.j.s.FileServer: Set new base='/Volumes/Disk/apache-jmeter-5.1.1/jmeter/jmx'
2023-12-18 17:23:54,700 INFO o.a.j.s.SaveService: Testplan (JMX) version: 2.2. Testlog (JTL) version: 2.2
2023-12-18 17:23:54,722 INFO o.a.j.s.SaveService: Using SaveService properties version 5.0
2023-12-18 17:23:54,726 INFO o.a.j.s.SaveService: Using SaveService properties file encoding UTF-8
2023-12-18 17:23:54,729 INFO o.a.j.s.SaveService: Loading file: /Volumes/Disk/apache-jmeter-5.1.1/jmeter/jmx/jsfk-it-local.jmx
2023-12-18 17:23:54,776 INFO o.a.j.p.h.s.HTTPSamplerBase: Parser for text/html is org.apache.jmeter.protocol.http.parser.LagartoBasedHtmlParser
2023-12-18 17:23:54,777 INFO o.a.j.p.h.s.HTTPSamplerBase: Parser for application/xhtml+xml is org.apache.jmeter.protocol.http.parser.LagartoBasedHtmlParser
2023-12-18 17:23:54,777 INFO o.a.j.p.h.s.HTTPSamplerBase: Parser for application/xml is org.apache.jmeter.protocol.http.parser.LagartoBasedHtmlParser
2023-12-18 17:23:54,777 INFO o.a.j.p.h.s.HTTPSamplerBase: Parser for text/xml is org.apache.jmeter.protocol.http.parser.LagartoBasedHtmlParser
2023-12-18 17:23:54,777 INFO o.a.j.p.h.s.HTTPSamplerBase: Parser for text/vnd.wap.wml is org.apache.jmeter.protocol.http.parser.RegexpHTMLParser
2023-12-18 17:23:54,777 INFO o.a.j.p.h.s.HTTPSamplerBase: Parser for text/css is org.apache.jmeter.protocol.http.parser.CssParser
2023-12-18 17:23:54,811 INFO o.a.j.JMeter: Creating summariser <summary>
2023-12-18 17:23:54,816 INFO o.a.j.r.d.ReportGenerator: ReportGenerator will use for Parsing the separator: ','
2023-12-18 17:23:54,816 INFO o.a.j.r.d.ReportGenerator: Will generate report at end of test from  results file: /Volumes/Disk/apache-jmeter-5.1.1/jmeter/jtl/2023-12-18~17-23-52.jtl
2023-12-18 17:23:54,816 INFO o.a.j.r.d.ReportGenerator: Reading report generator properties from: /Volumes/Disk/apache-jmeter-5.1.1/bin/reportgenerator.properties
2023-12-18 17:23:54,817 INFO o.a.j.r.d.ReportGenerator: Merging with JMeter properties
2023-12-18 17:23:54,822 INFO o.a.j.r.c.ReportGeneratorConfiguration: Property 'jmeter.reportgenerator.temp_dir' not found, using default value 'temp' instead.
2023-12-18 17:23:54,823 INFO o.a.j.r.c.ReportGeneratorConfiguration: Property 'jmeter.reportgenerator.apdex_per_transaction' not found, using default value 'null' instead.
2023-12-18 17:23:54,823 INFO o.a.j.r.c.ReportGeneratorConfiguration: apdex_per_transaction : {} is empty, not APDEX per transaction customization
2023-12-18 17:23:54,824 INFO o.a.j.r.c.ReportGeneratorConfiguration: Property 'jmeter.reportgenerator.sample_filter' not found, using default value 'null' instead.
2023-12-18 17:23:54,824 INFO o.a.j.r.c.ReportGeneratorConfiguration: Property 'jmeter.reportgenerator.report_title' not found, using default value 'null' instead.
2023-12-18 17:23:54,824 INFO o.a.j.r.c.ReportGeneratorConfiguration: Property 'jmeter.reportgenerator.start_date' not found, using default value 'null' instead.
2023-12-18 17:23:54,824 INFO o.a.j.r.c.ReportGeneratorConfiguration: Property 'jmeter.reportgenerator.end_date' not found, using default value 'null' instead.
2023-12-18 17:23:54,824 INFO o.a.j.r.c.ReportGeneratorConfiguration: Property 'jmeter.reportgenerator.date_format' not found, using default value 'null' instead.
2023-12-18 17:23:54,831 INFO o.a.j.r.c.ReportGeneratorConfiguration: Will use date range start date: null, end date: null
2023-12-18 17:23:54,840 INFO o.a.j.r.c.ReportGeneratorConfiguration: Property 'jmeter.reportgenerator.graph.totalTPS.exclude_controllers' not found, using default value 'false' instead.
2023-12-18 17:23:54,840 INFO o.a.j.r.c.ReportGeneratorConfiguration: Property 'jmeter.reportgenerator.graph.activeThreadsOverTime.exclude_controllers' not found, using default value 'false' instead.
2023-12-18 17:23:54,840 INFO o.a.j.r.c.ReportGeneratorConfiguration: Property 'jmeter.reportgenerator.graph.timeVsThreads.exclude_controllers' not found, using default value 'false' instead.
2023-12-18 17:23:54,841 INFO o.a.j.r.c.ReportGeneratorConfiguration: Property 'jmeter.reportgenerator.graph.responseTimeDistribution.exclude_controllers' not found, using default value 'false' instead.
2023-12-18 17:23:54,841 INFO o.a.j.r.c.ReportGeneratorConfiguration: Property 'jmeter.reportgenerator.graph.transactionsPerSecond.exclude_controllers' not found, using default value 'false' instead.
2023-12-18 17:23:54,841 INFO o.a.j.r.c.ReportGeneratorConfiguration: Property 'jmeter.reportgenerator.graph.responseTimePercentiles.exclude_controllers' not found, using default value 'false' instead.
2023-12-18 17:23:54,841 INFO o.a.j.r.c.ReportGeneratorConfiguration: Property 'jmeter.reportgenerator.graph.responseTimePercentilesOverTime.exclude_controllers' not found, using default value 'false' instead.
2023-12-18 17:23:54,842 INFO o.a.j.r.c.ReportGeneratorConfiguration: Property 'jmeter.reportgenerator.graph.responseTimesOverTime.exclude_controllers' not found, using default value 'false' instead.
2023-12-18 17:23:54,842 INFO o.a.j.r.c.ReportGeneratorConfiguration: Property 'jmeter.reportgenerator.graph.connectTimeOverTime.exclude_controllers' not found, using default value 'false' instead.
2023-12-18 17:23:54,842 INFO o.a.j.r.c.ReportGeneratorConfiguration: Property 'jmeter.reportgenerator.graph.latenciesOverTime.exclude_controllers' not found, using default value 'false' instead.
2023-12-18 17:23:54,843 INFO o.a.j.r.c.ReportGeneratorConfiguration: Property 'jmeter.reportgenerator.exporter.json.filters_only_sample_series' not found, using default value 'true' instead.
2023-12-18 17:23:54,843 INFO o.a.j.r.c.ReportGeneratorConfiguration: Property 'jmeter.reportgenerator.exporter.json.series_filter' not found, using default value '' instead.
2023-12-18 17:23:54,843 INFO o.a.j.r.c.ReportGeneratorConfiguration: Property 'jmeter.reportgenerator.exporter.json.show_controllers_only' not found, using default value 'false' instead.
2023-12-18 17:23:54,843 INFO o.a.j.r.c.ReportGeneratorConfiguration: Property 'jmeter.reportgenerator.exporter.html.filters_only_sample_series' not found, using default value 'true' instead.
2023-12-18 17:23:54,844 INFO o.a.j.r.c.ReportGeneratorConfiguration: Property 'jmeter.reportgenerator.exporter.html.series_filter' not found, using default value '' instead.
2023-12-18 17:23:54,844 INFO o.a.j.r.c.ReportGeneratorConfiguration: Property 'jmeter.reportgenerator.exporter.html.show_controllers_only' not found, using default value 'false' instead.
2023-12-18 17:23:54,848 INFO o.a.j.e.StandardJMeterEngine: Running the test!
2023-12-18 17:23:54,863 INFO o.a.j.s.SampleEvent: List of sample_variables: []
2023-12-18 17:23:54,863 INFO o.a.j.s.SampleEvent: List of sample_variables: []
2023-12-18 17:23:54,890 INFO o.a.j.e.u.CompoundVariable: Note: Function class names must contain the string: '.functions.'
2023-12-18 17:23:54,890 INFO o.a.j.e.u.CompoundVariable: Note: Function class names must not contain the string: '.gui.'
2023-12-18 17:23:55,431 INFO o.a.j.JMeter: 正在运行的测试 (1702891435430)
2023-12-18 17:23:55,456 INFO o.a.j.e.StandardJMeterEngine: Starting ThreadGroup: 1 : 线程组
2023-12-18 17:23:55,459 INFO o.a.j.e.StandardJMeterEngine: Starting 1 threads for group 线程组.
2023-12-18 17:23:55,460 INFO o.a.j.e.StandardJMeterEngine: Thread will continue on error
2023-12-18 17:23:55,461 INFO o.a.j.t.ThreadGroup: Starting thread group... number=1 threads=1 ramp-up=1 delayedStart=false
2023-12-18 17:23:55,485 INFO o.a.j.t.ThreadGroup: Started thread group number 1
2023-12-18 17:23:55,486 INFO o.a.j.e.StandardJMeterEngine: All thread groups have been started
2023-12-18 17:23:55,507 INFO o.a.j.t.JMeterThread: Thread started: 线程组 1-1
2023-12-18 17:23:55,561 INFO o.a.j.p.h.s.HTTPHCAbstractImpl: Local host = xiaopingnodeAir.lan
2023-12-18 17:23:55,569 INFO o.a.j.p.h.s.HTTPHC4Impl: HTTP request retry count = 0
2023-12-18 17:23:55,571 INFO o.a.j.s.SampleResult: Note: Sample TimeStamps are START times
2023-12-18 17:23:55,571 INFO o.a.j.s.SampleResult: sampleresult.default.encoding is set to utf-8
2023-12-18 17:23:55,571 INFO o.a.j.s.SampleResult: sampleresult.useNanoTime=true
2023-12-18 17:23:55,571 INFO o.a.j.s.SampleResult: sampleresult.nanoThreadSleep=5000
2023-12-18 17:23:55,692 INFO o.a.j.p.h.s.h.LazyLayeredConnectionSocketFactory: Setting up HTTPS TrustAll Socket Factory
2023-12-18 17:23:55,699 INFO o.a.j.u.JsseSSLManager: Using default SSL protocol: TLS
2023-12-18 17:23:55,699 INFO o.a.j.u.JsseSSLManager: SSL session context: per-thread
2023-12-18 17:23:55,829 INFO o.a.j.u.SSLManager: JmeterKeyStore Location:  type JKS
2023-12-18 17:23:55,836 INFO o.a.j.u.SSLManager: KeyStore created OK
2023-12-18 17:23:55,836 WARN o.a.j.u.SSLManager: Keystore file not found, loading empty keystore
2023-12-18 17:23:56,268 INFO o.a.j.t.JMeterThread: Thread is done: 线程组 1-1
2023-12-18 17:23:56,269 INFO o.a.j.t.JMeterThread: Thread finished: 线程组 1-1
2023-12-18 17:23:56,273 INFO o.a.j.e.StandardJMeterEngine: Notifying test listeners of end of test
2023-12-18 17:23:56,279 INFO o.a.j.r.Summariser: summary =      1 in 00:00:01 =    1.2/s Avg:   616 Min:   616 Max:   616 Err:     0 (0.00%)
2023-12-18 17:23:56,279 INFO o.a.j.JMeter: Generating Dashboard
2023-12-18 17:23:56,279 INFO o.a.j.r.d.ReportGenerator: Flushing result collector before report Generation
2023-12-18 17:23:56,303 INFO o.a.j.r.p.NormalizerSampleConsumer: Using format, 'ms', to parse timeStamp field
2023-12-18 17:23:56,362 INFO o.a.j.r.p.AbstractSampleConsumer: class org.apache.jmeter.report.processor.AggregateConsumer#stopProducing(): beginDate produced 0 samples
2023-12-18 17:23:56,363 INFO o.a.j.r.p.AbstractSampleConsumer: class org.apache.jmeter.report.processor.AggregateConsumer#stopProducing(): endDate produced 0 samples
2023-12-18 17:23:56,366 INFO o.a.j.r.p.AbstractSampleConsumer: class org.apache.jmeter.report.processor.ApdexSummaryConsumer#stopProducing(): apdexSummary produced 0 samples
2023-12-18 17:23:56,366 INFO o.a.j.r.p.AbstractSampleConsumer: class org.apache.jmeter.report.processor.RequestsSummaryConsumer#stopProducing(): requestsSummary produced 0 samples
2023-12-18 17:23:56,369 INFO o.a.j.r.p.AbstractSampleConsumer: class org.apache.jmeter.report.processor.StatisticsSummaryConsumer#stopProducing(): statisticsSummary produced 0 samples
2023-12-18 17:23:56,375 INFO o.a.j.r.p.AbstractSampleConsumer: class org.apache.jmeter.report.processor.Top5ErrorsBySamplerConsumer#stopProducing(): top5ErrorsBySampler produced 0 samples
2023-12-18 17:23:56,375 INFO o.a.j.r.p.AbstractSampleConsumer: class org.apache.jmeter.report.processor.ErrorsSummaryConsumer#stopProducing(): errorsSummary produced 0 samples
2023-12-18 17:23:56,375 INFO o.a.j.r.p.AbstractSampleConsumer: class org.apache.jmeter.report.processor.graph.impl.HitsPerSecondGraphConsumer#stopProducing(): hitsPerSecond produced 0 samples
2023-12-18 17:23:56,382 INFO o.a.j.r.p.AbstractSampleConsumer: class org.apache.jmeter.report.processor.graph.impl.LatencyVSRequestGraphConsumer#stopProducing(): latencyVsRequest produced 0 samples
2023-12-18 17:23:56,382 INFO o.a.j.r.p.AbstractSampleConsumer: class org.apache.jmeter.report.processor.graph.impl.SyntheticResponseTimeDistributionGraphConsumer#stopProducing(): syntheticResponseTimeDistribution produced 0 samples
2023-12-18 17:23:56,382 INFO o.a.j.r.p.AbstractSampleConsumer: class org.apache.jmeter.report.processor.graph.impl.BytesThroughputGraphConsumer#stopProducing(): bytesThroughputOverTime produced 0 samples
2023-12-18 17:23:56,382 INFO o.a.j.r.p.AbstractSampleConsumer: class org.apache.jmeter.report.processor.graph.impl.CodesPerSecondGraphConsumer#stopProducing(): codesPerSecond produced 0 samples
2023-12-18 17:23:56,384 INFO o.a.j.r.p.AbstractSampleConsumer: class org.apache.jmeter.report.processor.graph.impl.ResponseTimeVSRequestGraphConsumer#stopProducing(): responseTimeVsRequest produced 0 samples
2023-12-18 17:23:56,385 INFO o.a.j.r.p.AbstractSampleConsumer: class org.apache.jmeter.report.processor.FilterConsumer#stopProducing(): startIntervalControlerFilter produced 7 samples
2023-12-18 17:23:56,386 INFO o.a.j.r.p.AbstractSampleConsumer: class org.apache.jmeter.report.processor.graph.impl.TotalTPSGraphConsumer#stopProducing(): totalTPS produced 0 samples
2023-12-18 17:23:56,386 INFO o.a.j.r.p.AbstractSampleConsumer: class org.apache.jmeter.report.processor.graph.impl.ActiveThreadsGraphConsumer#stopProducing(): activeThreadsOverTime produced 0 samples
2023-12-18 17:23:56,386 INFO o.a.j.r.p.AbstractSampleConsumer: class org.apache.jmeter.report.processor.graph.impl.TimeVSThreadGraphConsumer#stopProducing(): timeVsThreads produced 0 samples
2023-12-18 17:23:56,386 INFO o.a.j.r.p.AbstractSampleConsumer: class org.apache.jmeter.report.processor.graph.impl.ResponseTimeDistributionGraphConsumer#stopProducing(): responseTimeDistribution produced 0 samples
2023-12-18 17:23:56,386 INFO o.a.j.r.p.AbstractSampleConsumer: class org.apache.jmeter.report.processor.graph.impl.TransactionsPerSecondGraphConsumer#stopProducing(): transactionsPerSecond produced 0 samples
2023-12-18 17:23:56,386 INFO o.a.j.r.p.AbstractSampleConsumer: class org.apache.jmeter.report.processor.graph.impl.ResponseTimePercentilesGraphConsumer#stopProducing(): responseTimePercentiles produced 0 samples
2023-12-18 17:23:56,388 INFO o.a.j.r.p.AbstractSampleConsumer: class org.apache.jmeter.report.processor.graph.impl.ResponseTimePercentilesOverTimeGraphConsumer#stopProducing(): responseTimePercentilesOverTime produced 0 samples
2023-12-18 17:23:56,388 INFO o.a.j.r.p.AbstractSampleConsumer: class org.apache.jmeter.report.processor.graph.impl.ResponseTimeOverTimeGraphConsumer#stopProducing(): responseTimesOverTime produced 0 samples
2023-12-18 17:23:56,389 INFO o.a.j.r.p.AbstractSampleConsumer: class org.apache.jmeter.report.processor.graph.impl.ConnectTimeOverTimeGraphConsumer#stopProducing(): connectTimeOverTime produced 0 samples
2023-12-18 17:23:56,389 INFO o.a.j.r.p.AbstractSampleConsumer: class org.apache.jmeter.report.processor.graph.impl.LatencyOverTimeGraphConsumer#stopProducing(): latenciesOverTime produced 0 samples
2023-12-18 17:23:56,389 INFO o.a.j.r.p.AbstractSampleConsumer: class org.apache.jmeter.report.processor.FilterConsumer#stopProducing(): nameFilter produced 15 samples
2023-12-18 17:23:56,389 INFO o.a.j.r.p.AbstractSampleConsumer: class org.apache.jmeter.report.processor.FilterConsumer#stopProducing(): dateRangeFilter produced 3 samples
2023-12-18 17:23:56,389 INFO o.a.j.r.p.AbstractSampleConsumer: class org.apache.jmeter.report.processor.NormalizerSampleConsumer#stopProducing(): normalizer produced 1 samples
2023-12-18 17:23:56,390 INFO o.a.j.r.p.CsvFileSampleSource: produce(): 1 samples produced in 59ms on channel 0
2023-12-18 17:23:56,390 INFO o.a.j.r.d.ReportGenerator: Exporting data using exporter:'json' of className:'org.apache.jmeter.report.dashboard.JsonExporter'
2023-12-18 17:23:56,394 INFO o.a.j.r.d.JsonExporter: Found data for consumer statisticsSummary in context
2023-12-18 17:23:56,394 INFO o.a.j.r.d.JsonExporter: Creating statistics for overall
2023-12-18 17:23:56,395 INFO o.a.j.r.d.JsonExporter: Creating statistics for other transactions
2023-12-18 17:23:56,395 INFO o.a.j.r.d.JsonExporter: Checking output folder
2023-12-18 17:23:56,396 INFO o.a.j.r.d.JsonExporter: Writing statistics JSON to /Volumes/Disk/apache-jmeter-5.1.1/jmeter/report/2023-12-18~17-23-52/statistics.json
2023-12-18 17:23:56,595 INFO o.a.j.r.d.ReportGenerator: Exporting data using exporter:'html' of className:'org.apache.jmeter.report.dashboard.HtmlTemplateExporter'
2023-12-18 17:23:56,599 INFO o.a.j.r.d.HtmlTemplateExporter: Will generate dashboard in folder: /Volumes/Disk/apache-jmeter-5.1.1/jmeter/report/2023-12-18~17-23-52
2023-12-18 17:23:56,698 INFO o.a.j.r.d.HtmlTemplateExporter: Report will be generated in: /Volumes/Disk/apache-jmeter-5.1.1/jmeter/report/2023-12-18~17-23-52, creating folder structure
2023-12-18 17:23:56,704 INFO o.a.j.r.d.TemplateVisitor: Copying folder from '/Volumes/Disk/apache-jmeter-5.1.1/bin/report-template' to '/Volumes/Disk/apache-jmeter-5.1.1/jmeter/report/2023-12-18~17-23-52', got message:[/Volumes/Disk/apache-jmeter-5.1.1/jmeter/report/2023-12-18~17-23-52/statistics.json, /Volumes/Disk/apache-jmeter-5.1.1/jmeter/report/2023-12-18~17-23-52/report.html], found non empty folder with following content {}, will be ignored
2023-12-18 17:23:57,036 INFO o.a.j.JMeter: Dashboard generated
2023-12-18 17:23:57,036 WARN o.a.j.e.StandardJMeterEngine: Error encountered during shutdown of org.apache.jmeter.JMeter$ListenToTest@26f143ed
java.lang.NullPointerException: null
	at org.apache.jmeter.JMeter$ListenToTest.testEnded(JMeter.java:1538) ~[ApacheJMeter_core.jar:5.1.1 r1855137]
	at org.apache.jmeter.engine.StandardJMeterEngine.notifyTestListenersOfEnd(StandardJMeterEngine.java:218) [ApacheJMeter_core.jar:5.1.1 r1855137]
	at org.apache.jmeter.engine.StandardJMeterEngine.run(StandardJMeterEngine.java:492) [ApacheJMeter_core.jar:5.1.1 r1855137]
	at java.lang.Thread.run(Thread.java:834) [?:?]
